\BOOKMARK [0][-]{chapter*.1}{Preface}{}% 1
\BOOKMARK [-1][-]{part.1}{I Discrete Mathematics}{}% 2
\BOOKMARK [0][-]{chapter.1}{Propositional Logic}{part.1}% 3
\BOOKMARK [1][-]{section.1.1}{Introduction to Propositional Logic}{chapter.1}% 4
\BOOKMARK [1][-]{section.1.2}{Logical Equivalence}{chapter.1}% 5
\BOOKMARK [1][-]{section.1.3}{Precedence}{chapter.1}% 6
\BOOKMARK [1][-]{section.1.4}{DeMorgan's Laws}{chapter.1}% 7
\BOOKMARK [1][-]{section.1.5}{Useful Logical Equivalences}{chapter.1}% 8
\BOOKMARK [1][-]{section.1.6}{Proving Logical Equivalences}{chapter.1}% 9
\BOOKMARK [1][-]{section.1.7}{Propositional Satisfiability}{chapter.1}% 10
\BOOKMARK [0][-]{chapter.2}{Predicates and Quantifiers}{part.1}% 11
\BOOKMARK [1][-]{section.2.1}{Predicate Logic}{chapter.2}% 12
\BOOKMARK [2][-]{subsection.2.1.1}{Domain of Discourse}{section.2.1}% 13
\BOOKMARK [1][-]{section.2.2}{Quantification}{chapter.2}% 14
\BOOKMARK [1][-]{section.2.3}{Existential Quantification}{chapter.2}% 15
\BOOKMARK [2][-]{subsection.2.3.1}{Uniqueness Quantifier}{section.2.3}% 16
\BOOKMARK [1][-]{section.2.4}{Logical Equivalence of Quantified Propositions}{chapter.2}% 17
\BOOKMARK [2][-]{subsection.2.4.1}{DeMorgan's Laws for Quantifiers}{section.2.4}% 18
\BOOKMARK [1][-]{section.2.5}{Order of Quantifiers}{chapter.2}% 19
\BOOKMARK [0][-]{chapter.3}{Rules of Inference}{part.1}% 20
\BOOKMARK [1][-]{section.3.1}{Rules of Inference for Propositions}{chapter.3}% 21
\BOOKMARK [2][-]{subsection.3.1.1}{Modus ponens}{section.3.1}% 22
\BOOKMARK [2][-]{subsection.3.1.2}{Modus tollens}{section.3.1}% 23
\BOOKMARK [2][-]{subsection.3.1.3}{Hypothetical syllogism}{section.3.1}% 24
\BOOKMARK [2][-]{subsection.3.1.4}{Disjunctive syllogism}{section.3.1}% 25
\BOOKMARK [2][-]{subsection.3.1.5}{Addition}{section.3.1}% 26
\BOOKMARK [2][-]{subsection.3.1.6}{Simplification}{section.3.1}% 27
\BOOKMARK [2][-]{subsection.3.1.7}{Conjunction}{section.3.1}% 28
\BOOKMARK [2][-]{subsection.3.1.8}{Resolution}{section.3.1}% 29
\BOOKMARK [1][-]{section.3.2}{Rules of Inference for Quantified Statements}{chapter.3}% 30
\BOOKMARK [2][-]{subsection.3.2.1}{Universal Generalization}{section.3.2}% 31
\BOOKMARK [2][-]{subsection.3.2.2}{Universal Instantiation}{section.3.2}% 32
\BOOKMARK [2][-]{subsection.3.2.3}{Existential Generalization}{section.3.2}% 33
\BOOKMARK [2][-]{subsection.3.2.4}{Existential Instantiation}{section.3.2}% 34
\BOOKMARK [2][-]{subsection.3.2.5}{Universal Modus Ponens}{section.3.2}% 35
\BOOKMARK [2][-]{subsection.3.2.6}{Universal Modus Tollens}{section.3.2}% 36
\BOOKMARK [0][-]{chapter.4}{Proofs}{part.1}% 37
\BOOKMARK [1][-]{section.4.1}{Direct Proof}{chapter.4}% 38
\BOOKMARK [1][-]{section.4.2}{Indirect Proof}{chapter.4}% 39
\BOOKMARK [2][-]{subsection.4.2.1}{Proof by Contrapositive}{section.4.2}% 40
\BOOKMARK [1][-]{section.4.3}{Proof by Contradiction}{chapter.4}% 41
\BOOKMARK [0][-]{chapter.5}{Sets}{part.1}% 42
\BOOKMARK [1][-]{subsection.5.0.1}{Properties of Sets}{chapter.5}% 43
\BOOKMARK [2][-]{subsection.5.0.2}{Set Operations}{subsection.5.0.1}% 44
\BOOKMARK [1][-]{section.5.1}{The Well-Ordering Principle}{chapter.5}% 45
\BOOKMARK [-1][-]{part.2}{II Mathematical Analysis}{}% 46
\BOOKMARK [0][-]{chapter.6}{Basics of Functions}{part.2}% 47
\BOOKMARK [1][-]{section.6.1}{Definition of a Function}{chapter.6}% 48
\BOOKMARK [1][-]{section.6.2}{Properties of Functions}{chapter.6}% 49
\BOOKMARK [2][-]{subsection.6.2.1}{Domain and Range}{section.6.2}% 50
\BOOKMARK [2][-]{subsection.6.2.2}{Dependent and Independent Variables}{section.6.2}% 51
\BOOKMARK [2][-]{subsection.6.2.3}{Even and Odd Functions}{section.6.2}% 52
\BOOKMARK [2][-]{subsection.6.2.4}{Surjective, Injective, and Bijective Functions}{section.6.2}% 53
\BOOKMARK [2][-]{subsection.6.2.5}{Graphs}{section.6.2}% 54
\BOOKMARK [1][-]{section.6.3}{Composition of Functions}{chapter.6}% 55
\BOOKMARK [1][-]{section.6.4}{Inverse Functions}{chapter.6}% 56
\BOOKMARK [2][-]{subsection.6.4.1}{Finding Inverse Functions}{section.6.4}% 57
\BOOKMARK [0][-]{chapter.7}{Trigonometry}{part.2}% 58
\BOOKMARK [1][-]{section.7.1}{Sine, Cosine, and Tangent}{chapter.7}% 59
\BOOKMARK [1][-]{section.7.2}{Trigonometric Identities}{chapter.7}% 60
\BOOKMARK [1][-]{section.7.3}{Useful Trigonometric Relationships}{chapter.7}% 61
\BOOKMARK [1][-]{section.7.4}{Deriving Trigonometric Identities}{chapter.7}% 62
\BOOKMARK [2][-]{subsection.7.4.1}{Examples}{section.7.4}% 63
\BOOKMARK [0][-]{chapter.8}{Limits}{part.2}% 64
\BOOKMARK [1][-]{section.8.1}{Understanding Limits}{chapter.8}% 65
\BOOKMARK [2][-]{subsection.8.1.1}{Side Limits}{section.8.1}% 66
\BOOKMARK [2][-]{subsection.8.1.2}{The Sandwich Theorem}{section.8.1}% 67
\BOOKMARK [1][-]{section.8.2}{Epsilon-Delta Definition of a Limit}{chapter.8}% 68
\BOOKMARK [1][-]{section.8.3}{Evaluating Limits}{chapter.8}% 69
\BOOKMARK [1][-]{section.8.4}{Indeterminate Forms}{chapter.8}% 70
\BOOKMARK [1][-]{section.8.5}{Continuity of Functions}{chapter.8}% 71
\BOOKMARK [0][-]{chapter.9}{Derivatives}{part.2}% 72
\BOOKMARK [1][-]{section.9.1}{Slopes}{chapter.9}% 73
\BOOKMARK [1][-]{section.9.2}{The Difference Quotient}{chapter.9}% 74
\BOOKMARK [2][-]{subsection.9.2.1}{Limit Definition of Derivatives}{section.9.2}% 75
\BOOKMARK [1][-]{section.9.3}{Notation Used with Derivatives}{chapter.9}% 76
\BOOKMARK [1][-]{section.9.4}{Tangent Lines}{chapter.9}% 77
\BOOKMARK [2][-]{subsection.9.4.1}{Derivative Rules}{section.9.4}% 78
\BOOKMARK [3][-]{section*.3}{Constant Rule}{subsection.9.4.1}% 79
\BOOKMARK [3][-]{section*.4}{Product Rule}{subsection.9.4.1}% 80
\BOOKMARK [3][-]{section*.5}{Quotient Rule}{subsection.9.4.1}% 81
\BOOKMARK [3][-]{section*.6}{Chain Rule}{subsection.9.4.1}% 82
\BOOKMARK [3][-]{section*.7}{Trigonometric Derivative Rules}{subsection.9.4.1}% 83
\BOOKMARK [2][-]{subsection.9.4.2}{Differentiability}{section.9.4}% 84
\BOOKMARK [2][-]{subsection.9.4.3}{Graphing Functions}{section.9.4}% 85
\BOOKMARK [1][-]{section.9.5}{l'Hospital's Rule}{chapter.9}% 86
\BOOKMARK [1][-]{section.9.6}{Derivatives of Inverses of Differentiable Functions}{chapter.9}% 87
\BOOKMARK [0][-]{chapter.10}{Transcendental Functions}{part.2}% 88
\BOOKMARK [1][-]{section.10.1}{Natural Logarithms}{chapter.10}% 89
\BOOKMARK [2][-]{subsection.10.1.1}{Algebraic Properties of the Natural Logarithm}{section.10.1}% 90
\BOOKMARK [1][-]{section.10.2}{Hyperbolic Functions}{chapter.10}% 91
\BOOKMARK [0][-]{chapter.11}{Techniques of Integration}{part.2}% 92
\BOOKMARK [1][-]{section.11.1}{Basic Integration Formulas}{chapter.11}% 93
\BOOKMARK [1][-]{section.11.2}{Integration by Substitution}{chapter.11}% 94
\BOOKMARK [1][-]{section.11.3}{Integration By Parts Formula}{chapter.11}% 95
\BOOKMARK [2][-]{subsection.11.3.1}{Integration by Parts Cheat Sheet}{section.11.3}% 96
\BOOKMARK [2][-]{subsection.11.3.2}{Reduction Formulas}{section.11.3}% 97
\BOOKMARK [1][-]{section.11.4}{Trigonometric Integrals}{chapter.11}% 98
\BOOKMARK [1][-]{section.11.5}{Trigonometric Substitution}{chapter.11}% 99
\BOOKMARK [1][-]{section.11.6}{Partial Fraction Decomposition}{chapter.11}% 100
\BOOKMARK [2][-]{subsection.11.6.1}{Determining A,B,C, \203}{section.11.6}% 101
\BOOKMARK [2][-]{subsection.11.6.2}{Factoring}{section.11.6}% 102
\BOOKMARK [2][-]{subsection.11.6.3}{Examples}{section.11.6}% 103
\BOOKMARK [1][-]{section.11.7}{Simpson's Rule}{chapter.11}% 104
\BOOKMARK [1][-]{section.11.8}{Improper Integrals}{chapter.11}% 105
\BOOKMARK [2][-]{subsection.11.8.1}{Infinite Range}{section.11.8}% 106
\BOOKMARK [2][-]{subsection.11.8.2}{Infinite Domain}{section.11.8}% 107
\BOOKMARK [1][-]{section.11.9}{Test Review}{chapter.11}% 108
\BOOKMARK [0][-]{chapter.12}{Sequences}{part.2}% 109
\BOOKMARK [1][-]{section.12.1}{Representing a Sequence}{chapter.12}% 110
\BOOKMARK [2][-]{subsection.12.1.1}{Bounded Sequences}{section.12.1}% 111
\BOOKMARK [2][-]{subsection.12.1.2}{Nondecreasing and Nonincreasing Sequences}{section.12.1}% 112
\BOOKMARK [0][-]{chapter.13}{Infinite Series}{part.2}% 113
\BOOKMARK [1][-]{section.13.1}{Limit Test}{chapter.13}% 114
\BOOKMARK [1][-]{section.13.2}{Harmonic Series}{chapter.13}% 115
\BOOKMARK [1][-]{section.13.3}{Geometric Series}{chapter.13}% 116
\BOOKMARK [1][-]{section.13.4}{The Comparison Test}{chapter.13}% 117
\BOOKMARK [1][-]{section.13.5}{The Integral Test}{chapter.13}% 118
\BOOKMARK [1][-]{section.13.6}{p Series}{chapter.13}% 119
\BOOKMARK [1][-]{section.13.7}{Series Comparison Test}{chapter.13}% 120
\BOOKMARK [2][-]{subsection.13.7.1}{Converging Series}{section.13.7}% 121
\BOOKMARK [2][-]{subsection.13.7.2}{Diverging Series}{section.13.7}% 122
\BOOKMARK [1][-]{section.13.8}{Root Test}{chapter.13}% 123
\BOOKMARK [1][-]{section.13.9}{Ratio Test}{chapter.13}% 124
\BOOKMARK [2][-]{subsection.13.9.1}{Examples}{section.13.9}% 125
\BOOKMARK [1][-]{section.13.10}{Alternating Series Test}{chapter.13}% 126
\BOOKMARK [1][-]{section.13.11}{Power Series}{chapter.13}% 127
\BOOKMARK [1][-]{section.13.12}{Taylor and Maclauren Series}{chapter.13}% 128
\BOOKMARK [0][-]{chapter.14}{Ordinary Differential Equations}{part.2}% 129
\BOOKMARK [-1][-]{part.3}{III Physics}{}% 130
\BOOKMARK [0][-]{chapter.15}{Newton's Laws of Motion}{part.3}% 131
\BOOKMARK [0][-]{chapter.16}{Circuits}{part.3}% 132
\BOOKMARK [1][-]{section.16.1}{Capcacitors}{chapter.16}% 133
\BOOKMARK [2][-]{subsection.16.1.1}{Equivalent Capacitors in Parallel}{section.16.1}% 134
\BOOKMARK [2][-]{subsection.16.1.2}{Equivalent Capacitors in Series}{section.16.1}% 135
\BOOKMARK [-1][-]{part.4}{IV Appendix}{}% 136
\BOOKMARK [0][-]{chapter.17}{Important Concepts}{part.4}% 137
\BOOKMARK [1][-]{section.17.1}{Quadratic Formula}{chapter.17}% 138
\BOOKMARK [1][-]{section.17.2}{Point-slope Formula}{chapter.17}% 139
\BOOKMARK [1][-]{section.17.3}{Conjugate}{chapter.17}% 140
\BOOKMARK [0][-]{chapter.18}{Proofs}{part.4}% 141
\BOOKMARK [1][-]{section.18.1}{Power Rule for Derivatives}{chapter.18}% 142
\BOOKMARK [1][-]{section.18.2}{Sandwich Theorem for Sequences}{chapter.18}% 143
\BOOKMARK [0][-]{chapter.19}{Logic Circuits}{part.4}% 144
\BOOKMARK [0][-]{chapter.20}{The Fibonacci Sequence and the Golden Ratio}{part.4}% 145
\BOOKMARK [1][-]{section.20.1}{The Fibonacci Sequence}{chapter.20}% 146
\BOOKMARK [2][-]{subsection.20.1.1}{History}{section.20.1}% 147
\BOOKMARK [2][-]{subsection.20.1.2}{Mathematics}{section.20.1}% 148
\BOOKMARK [1][-]{section.20.2}{The Golden Ratio}{chapter.20}% 149
\BOOKMARK [1][-]{section.20.3}{Culture}{chapter.20}% 150
\BOOKMARK [2][-]{subsection.20.3.1}{Lateralus}{section.20.3}% 151
\BOOKMARK [0][-]{chapter.21}{Algorithms}{part.4}% 152
